#
# There is insufficient memory for the Java Runtime Environment to continue.
# Native memory allocation (mmap) failed to map 266338304 bytes for G1 virtual space
# Possible reasons:
#   The system is out of physical RAM or swap space
#   The process is running with CompressedOops enabled, and the Java Heap may be blocking the growth of the native heap
# Possible solutions:
#   Reduce memory load on the system
#   Increase physical memory or swap space
#   Check if swap backing store is full
#   Decrease Java heap size (-Xmx/-Xms)
#   Decrease number of Java threads
#   Decrease Java thread stack sizes (-Xss)
#   Set larger code cache with -XX:ReservedCodeCacheSize=
#   JVM is running with Zero Based Compressed Oops mode in which the Java heap is
#     placed in the first 32GB address space. The Java Heap base address is the
#     maximum limit for the native heap growth. Please use -XX:HeapBaseMinAddress
#     to set the Java Heap base and to place the Java Heap above 32GB virtual address.
# This output file may be truncated or incomplete.
#
#  Out of Memory Error (os_windows.cpp:3528), pid=2744, tid=18332
#
# JRE version:  (20.0.2+9) (build )
# Java VM: Java HotSpot(TM) 64-Bit Server VM (20.0.2+9-78, mixed mode, sharing, tiered, compressed oops, compressed class ptrs, g1 gc, windows-amd64)
# No core dump will be written. Minidumps are not enabled by default on client versions of Windows
#

---------------  S U M M A R Y ------------

Command Line: -Dfile.encoding=UTF-8 -XX:+ShowCodeDetailsInExceptionMessages guiWindow.MainFrame

Host: Intel(R) Core(TM) i7-10750H CPU @ 2.60GHz, 12 cores, 15G,  Windows 10 , 64 bit Build 19041 (10.0.19041.3570)
Time: Wed Nov 15 01:26:12 2023 Arabian Standard Time elapsed time: 0.012420 seconds (0d 0h 0m 0s)

---------------  T H R E A D  ---------------

Current thread (0x000001d5fadf70d0):  JavaThread "Unknown thread" [_thread_in_vm, id=18332, stack(0x000000470f100000,0x000000470f200000)]

Stack: [0x000000470f100000,0x000000470f200000]
Native frames: (J=compiled Java code, j=interpreted, Vv=VM code, C=native code)
V  [jvm.dll+0x6bc25a]
V  [jvm.dll+0x84971a]
V  [jvm.dll+0x84b315]
V  [jvm.dll+0x84ba13]
V  [jvm.dll+0x280e4f]
V  [jvm.dll+0x6b8fe9]
V  [jvm.dll+0x6adbca]
V  [jvm.dll+0x35b165]
V  [jvm.dll+0x363386]
V  [jvm.dll+0x3b400e]
V  [jvm.dll+0x3b4295]
V  [jvm.dll+0x32b86a]
V  [jvm.dll+0x32c68b]
V  [jvm.dll+0x8123df]
V  [jvm.dll+0x3c1261]
V  [jvm.dll+0x7fe103]
V  [jvm.dll+0x44ccaf]
V  [jvm.dll+0x44e621]
C  [jli.dll+0x5287]
C  [ucrtbase.dll+0x21bb2]
C  [KERNEL32.DLL+0x17344]
C  [ntdll.dll+0x526b1]


---------------  P R O C E S S  ---------------

Threads class SMR info:
_java_thread_list=0x00007ff9566ab118, length=0, elements={
}

Java Threads: ( => current thread )

Other Threads:
  0x000001d5fae68560 WorkerThread "GC Thread#0" [stack: 0x000000470f200000,0x000000470f300000] [id=12332]
  0x000001d5fae7ba30 ConcurrentGCThread "G1 Main Marker" [stack: 0x000000470f300000,0x000000470f400000] [id=3244]
  0x000001d5fae7c370 WorkerThread "G1 Conc#0" [stack: 0x000000470f400000,0x000000470f500000] [id=7052]

[error occurred during error reporting (printing all threads), id 0xc0000005, EXCEPTION_ACCESS_VIOLATION (0xc0000005) at pc=0x00007ff955e8eea7]
VM state: not at safepoint (not fully initialized)

VM Mutex/Monitor currently owned by a thread:  ([mutex/lock_event])
[0x000001d5fadf49b0] Heap_lock - owner thread: 0x000001d5fadf70d0

Heap address: 0x0000000703200000, size: 4046 MB, Compressed Oops mode: Zero based, Oop shift amount: 3

CDS archive(s) mapped at: [0x0000000000000000-0x0000000000000000-0x0000000000000000), size 0, SharedBaseAddress: 0x0000000800000000, ArchiveRelocationMode: 1.
Narrow klass base: 0x0000000000000000, Narrow klass shift: 0, Narrow klass range: 0x0

GC Precious Log:
 CardTable entry size: 512
 Card Set container configuration: InlinePtr #cards 4 size 8 Array Of Cards #cards 16 size 48 Howl #buckets 8 coarsen threshold 3686 Howl Bitmap #cards 512 size 80 coarsen threshold 460 Card regions per heap region 1 cards per card region 4096

Heap:
 garbage-first heap   total 0K, used 0K [0x0000000703200000, 0x0000000800000000)
  region size 2048K, 0 young (0K), 0 survivors (0K)

[error occurred during error reporting (printing heap information), id 0xc0000005, EXCEPTION_ACCESS_VIOLATION (0xc0000005) at pc=0x00007ff9562647b9]
GC Heap History (0 events):
No events

Dll operation events (1 events):
Event: 0.007 Loaded shared library C:\Program Files\Java\jdk-20\bin\java.dll

Deoptimization events (0 events):
No events

Classes loaded (0 events):
No events

Classes unloaded (0 events):
No events

Classes redefined (0 events):
No events

Internal exceptions (0 events):
No events

VM Operations (0 events):
No events

Events (0 events):
No events


Dynamic libraries:
0x00007ff75b840000 - 0x00007ff75b850000 	C:\Program Files\Java\jdk-20\bin\javaw.exe
0x00007ff9f4ef0000 - 0x00007ff9f50e7000 	C:\Windows\SYSTEM32\ntdll.dll
0x00007ff9f34f0000 - 0x00007ff9f35ad000 	C:\Windows\System32\KERNEL32.DLL
0x00007ff9f29d0000 - 0x00007ff9f2cc6000 	C:\Windows\System32\KERNELBASE.dll
0x00007ff9f2840000 - 0x00007ff9f2940000 	C:\Windows\System32\ucrtbase.dll
0x00007ff9e7380000 - 0x00007ff9e739b000 	C:\Program Files\Java\jdk-20\bin\VCRUNTIME140.dll
0x00007ff9e7420000 - 0x00007ff9e7439000 	C:\Program Files\Java\jdk-20\bin\jli.dll
0x00007ff9f3ba0000 - 0x00007ff9f3c4e000 	C:\Windows\System32\ADVAPI32.dll
0x00007ff9f3da0000 - 0x00007ff9f3e3e000 	C:\Windows\System32\msvcrt.dll
0x00007ff9f4b40000 - 0x00007ff9f4bdc000 	C:\Windows\System32\sechost.dll
0x00007ff9f35c0000 - 0x00007ff9f36e6000 	C:\Windows\System32\RPCRT4.dll
0x00007ff9f4be0000 - 0x00007ff9f4d7e000 	C:\Windows\System32\USER32.dll
0x00007ff9f2ea0000 - 0x00007ff9f2ec2000 	C:\Windows\System32\win32u.dll
0x00007ff9dcc60000 - 0x00007ff9dcefa000 	C:\Windows\WinSxS\amd64_microsoft.windows.common-controls_6595b64144ccf1df_6.0.19041.3570_none_60bb2a3971f3e41a\COMCTL32.dll
0x00007ff9f4ab0000 - 0x00007ff9f4adc000 	C:\Windows\System32\GDI32.dll
0x00007ff9f2cd0000 - 0x00007ff9f2dea000 	C:\Windows\System32\gdi32full.dll
0x00007ff9f2730000 - 0x00007ff9f27cd000 	C:\Windows\System32\msvcp_win.dll
0x00007ff9e84c0000 - 0x00007ff9e84ca000 	C:\Windows\SYSTEM32\VERSION.dll
0x00007ff9f3e50000 - 0x00007ff9f3e80000 	C:\Windows\System32\IMM32.DLL
0x00007ff9ea770000 - 0x00007ff9ea77c000 	C:\Program Files\Java\jdk-20\bin\vcruntime140_1.dll
0x00007ff9d52c0000 - 0x00007ff9d534e000 	C:\Program Files\Java\jdk-20\bin\msvcp140.dll
0x00007ff955b50000 - 0x00007ff9567e8000 	C:\Program Files\Java\jdk-20\bin\server\jvm.dll
0x00007ff9d07a0000 - 0x00007ff9d07a9000 	C:\Windows\SYSTEM32\WSOCK32.dll
0x00007ff9de460000 - 0x00007ff9de487000 	C:\Windows\SYSTEM32\WINMM.dll
0x00007ff9f3c50000 - 0x00007ff9f3cbb000 	C:\Windows\System32\WS2_32.dll
0x00007ff9f0450000 - 0x00007ff9f0462000 	C:\Windows\SYSTEM32\kernel.appcore.dll
0x00007ff9e6510000 - 0x00007ff9e651a000 	C:\Program Files\Java\jdk-20\bin\jimage.dll
0x00007ff9efd10000 - 0x00007ff9efef4000 	C:\Windows\SYSTEM32\DBGHELP.DLL
0x00007ff9e0800000 - 0x00007ff9e0834000 	C:\Windows\SYSTEM32\dbgcore.DLL
0x00007ff9f2940000 - 0x00007ff9f29c2000 	C:\Windows\System32\bcryptPrimitives.dll
0x00007ff9d5ac0000 - 0x00007ff9d5ae6000 	C:\Program Files\Java\jdk-20\bin\java.dll

dbghelp: loaded successfully - version: 4.0.5 - missing functions: none
symbol engine: initialized successfully - sym options: 0x614 - pdb path: .;C:\Program Files\Java\jdk-20\bin;C:\Windows\SYSTEM32;C:\Windows\WinSxS\amd64_microsoft.windows.common-controls_6595b64144ccf1df_6.0.19041.3570_none_60bb2a3971f3e41a;C:\Program Files\Java\jdk-20\bin\server

VM Arguments:
jvm_args: -Dfile.encoding=UTF-8 -XX:+ShowCodeDetailsInExceptionMessages 
java_command: guiWindow.MainFrame
java_class_path (initial): C:\Users\User\Desktop\GUI Project\gameOfLife\bin
Launcher Type: SUN_STANDARD

[Global flags]
     intx CICompilerCount                          = 4                                         {product} {ergonomic}
     uint ConcGCThreads                            = 3                                         {product} {ergonomic}
     uint G1ConcRefinementThreads                  = 10                                        {product} {ergonomic}
   size_t G1HeapRegionSize                         = 2097152                                   {product} {ergonomic}
    uintx GCDrainStackTargetSize                   = 64                                        {product} {ergonomic}
   size_t InitialHeapSize                          = 266338304                                 {product} {ergonomic}
   size_t MarkStackSize                            = 4194304                                   {product} {ergonomic}
   size_t MaxHeapSize                              = 4242538496                                {product} {ergonomic}
   size_t MinHeapDeltaBytes                        = 2097152                                   {product} {ergonomic}
   size_t MinHeapSize                              = 8388608                                   {product} {ergonomic}
    uintx NonNMethodCodeHeapSize                   = 5839372                                {pd product} {ergonomic}
    uintx NonProfiledCodeHeapSize                  = 122909434                              {pd product} {ergonomic}
    uintx ProfiledCodeHeapSize                     = 122909434                              {pd product} {ergonomic}
    uintx ReservedCodeCacheSize                    = 251658240                              {pd product} {ergonomic}
     bool SegmentedCodeCache                       = true                                      {product} {ergonomic}
     bool ShowCodeDetailsInExceptionMessages       = true                                   {manageable} {command line}
   size_t SoftMaxHeapSize                          = 4242538496                             {manageable} {ergonomic}
     bool UseCompressedClassPointers               = true                           {product lp64_product} {ergonomic}
     bool UseCompressedOops                        = true                           {product lp64_product} {ergonomic}
     bool UseG1GC                                  = true                                      {product} {ergonomic}
     bool UseLargePagesIndividualAllocation        = false                                  {pd product} {ergonomic}

Logging:
Log output configuration:
 #0: stdout all=warning uptime,level,tags foldmultilines=false
 #1: stderr all=off uptime,level,tags foldmultilines=false

Environment Variables:
PATH=C:/Progra~1/Java/jdk-20/bin/server;C:/Progra~1/Java/jdk-20/bin;C:\Program Files\Common Files\Oracle\Java\javapath;C:\Program Files (x86)\Common Files\Oracle\Java\javapath;C:\ProgramData\Oracle\Java\javapath;C:\Program Files (x86)\NVIDIA Corporation\PhysX\Common;C:\Windows\system32;C:\Windows;C:\Windows\System32\Wbem;C:\Windows\System32\WindowsPowerShell\v1.0\;C:\Windows\System32\OpenSSH\;C:\Program Files\Git\cmd;C:\Users\User\AppData\Local\Programs\Python\Python311\Scripts\;C:\Users\User\AppData\Local\Programs\Python\Python311\;C:\Users\User\AppData\Local\Microsoft\WindowsApps;C:\Users\User\AppData\Local\GitHubDesktop\bin;C:\Users\User\AppData\Local\Programs\Microsoft VS Code\bin;C:\Windows\system32;
USERNAME=User
OS=Windows_NT
PROCESSOR_IDENTIFIER=Intel64 Family 6 Model 165 Stepping 2, GenuineIntel
TMP=C:\Users\User\AppData\Local\Temp
TEMP=C:\Users\User\AppData\Local\Temp




---------------  S Y S T E M  ---------------

OS:
 Windows 10 , 64 bit Build 19041 (10.0.19041.3570)
OS uptime: 3 days 7:17 hours

CPU: total 12 (initial active 12) (6 cores per cpu, 2 threads per core) family 6 model 165 stepping 2 microcode 0xf8, cx8, cmov, fxsr, ht, mmx, 3dnowpref, sse, sse2, sse3, ssse3, sse4.1, sse4.2, popcnt, lzcnt, tsc, tscinvbit, avx, avx2, aes, erms, clmul, bmi1, bmi2, adx, fma, vzeroupper, clflush, clflushopt, rdtscp, f16c, pku

Memory: 4k page, system-wide physical 16177M (2459M free)
TotalPageFile size 31177M (AvailPageFile size 146M)
current process WorkingSet (physical memory assigned to process): 10M, peak: 10M
current process commit charge ("private bytes"): 64M, peak: 318M

vm_info: Java HotSpot(TM) 64-Bit Server VM (20.0.2+9-78) for windows-amd64 JRE (20.0.2+9-78), built on 2023-06-14T10:08:48Z by "mach5one" with MS VC++ 17.1 (VS2022)

END.
