#
# There is insufficient memory for the Java Runtime Environment to continue.
# Native memory allocation (mmap) failed to map 266338304 bytes for G1 virtual space
# Possible reasons:
#   The system is out of physical RAM or swap space
#   The process is running with CompressedOops enabled, and the Java Heap may be blocking the growth of the native heap
# Possible solutions:
#   Reduce memory load on the system
#   Increase physical memory or swap space
#   Check if swap backing store is full
#   Decrease Java heap size (-Xmx/-Xms)
#   Decrease number of Java threads
#   Decrease Java thread stack sizes (-Xss)
#   Set larger code cache with -XX:ReservedCodeCacheSize=
#   JVM is running with Zero Based Compressed Oops mode in which the Java heap is
#     placed in the first 32GB address space. The Java Heap base address is the
#     maximum limit for the native heap growth. Please use -XX:HeapBaseMinAddress
#     to set the Java Heap base and to place the Java Heap above 32GB virtual address.
# This output file may be truncated or incomplete.
#
#  Out of Memory Error (os_windows.cpp:3528), pid=12240, tid=17640
#
# JRE version:  (20.0.2+9) (build )
# Java VM: Java HotSpot(TM) 64-Bit Server VM (20.0.2+9-78, mixed mode, sharing, tiered, compressed oops, compressed class ptrs, g1 gc, windows-amd64)
# No core dump will be written. Minidumps are not enabled by default on client versions of Windows
#

---------------  S U M M A R Y ------------

Command Line: -Dfile.encoding=UTF-8 -XX:+ShowCodeDetailsInExceptionMessages guiWindow.MainFrame

Host: Intel(R) Core(TM) i7-10750H CPU @ 2.60GHz, 12 cores, 15G,  Windows 10 , 64 bit Build 19041 (10.0.19041.3570)
Time: Sat Nov 11 17:45:26 2023 Arabian Standard Time elapsed time: 0.019412 seconds (0d 0h 0m 0s)

---------------  T H R E A D  ---------------

Current thread (0x000001ec980e8480):  JavaThread "Unknown thread" [_thread_in_vm, id=17640, stack(0x000000a263800000,0x000000a263900000)]

Stack: [0x000000a263800000,0x000000a263900000]
Native frames: (J=compiled Java code, j=interpreted, Vv=VM code, C=native code)
V  [jvm.dll+0x6bc25a]
V  [jvm.dll+0x84971a]
V  [jvm.dll+0x84b315]
V  [jvm.dll+0x84ba13]
V  [jvm.dll+0x280e4f]
V  [jvm.dll+0x6b8fe9]
V  [jvm.dll+0x6adbca]
V  [jvm.dll+0x35b165]
V  [jvm.dll+0x363386]
V  [jvm.dll+0x3b400e]
V  [jvm.dll+0x3b4295]
V  [jvm.dll+0x32b86a]
V  [jvm.dll+0x32c68b]
V  [jvm.dll+0x8123df]
V  [jvm.dll+0x3c1261]
V  [jvm.dll+0x7fe103]
V  [jvm.dll+0x44ccaf]
V  [jvm.dll+0x44e621]
C  [jli.dll+0x5287]
C  [ucrtbase.dll+0x21bb2]
C  [KERNEL32.DLL+0x17344]
C  [ntdll.dll+0x526b1]


---------------  P R O C E S S  ---------------

Threads class SMR info:
_java_thread_list=0x00007ff8fc0db118, length=0, elements={
}

Java Threads: ( => current thread )

Other Threads:
  0x000001ec981597b0 WorkerThread "GC Thread#0" [stack: 0x000000a263900000,0x000000a263a00000] [id=26356]
  0x000001ec9816bc70 ConcurrentGCThread "G1 Main Marker" [stack: 0x000000a263a00000,0x000000a263b00000] [id=16044]
  0x000001ec9816c5b0 WorkerThread "G1 Conc#0" [stack: 0x000000a263b00000,0x000000a263c00000] [id=25624]

[error occurred during error reporting (printing all threads), id 0xc0000005, EXCEPTION_ACCESS_VIOLATION (0xc0000005) at pc=0x00007ff8fb8beea7]
VM state: not at safepoint (not fully initialized)

VM Mutex/Monitor currently owned by a thread:  ([mutex/lock_event])
[0x000001ec980e33c0] Heap_lock - owner thread: 0x000001ec980e8480

Heap address: 0x0000000703200000, size: 4046 MB, Compressed Oops mode: Zero based, Oop shift amount: 3

CDS archive(s) mapped at: [0x0000000000000000-0x0000000000000000-0x0000000000000000), size 0, SharedBaseAddress: 0x0000000800000000, ArchiveRelocationMode: 1.
Narrow klass base: 0x0000000000000000, Narrow klass shift: 0, Narrow klass range: 0x0

GC Precious Log:
 CardTable entry size: 512
 Card Set container configuration: InlinePtr #cards 4 size 8 Array Of Cards #cards 16 size 48 Howl #buckets 8 coarsen threshold 3686 Howl Bitmap #cards 512 size 80 coarsen threshold 460 Card regions per heap region 1 cards per card region 4096

Heap:
 garbage-first heap   total 0K, used 0K [0x0000000703200000, 0x0000000800000000)
  region size 2048K, 0 young (0K), 0 survivors (0K)

[error occurred during error reporting (printing heap information), id 0xc0000005, EXCEPTION_ACCESS_VIOLATION (0xc0000005) at pc=0x00007ff8fbc947b9]
GC Heap History (0 events):
No events

Dll operation events (1 events):
Event: 0.007 Loaded shared library C:\Program Files\Java\jdk-20\bin\java.dll

Deoptimization events (0 events):
No events

Classes loaded (0 events):
No events

Classes unloaded (0 events):
No events

Classes redefined (0 events):
No events

Internal exceptions (0 events):
No events

VM Operations (0 events):
No events

Events (0 events):
No events


Dynamic libraries:
0x00007ff6eae20000 - 0x00007ff6eae30000 	C:\Program Files\Java\jdk-20\bin\javaw.exe
0x00007ff962a10000 - 0x00007ff962c07000 	C:\Windows\SYSTEM32\ntdll.dll
0x00007ff962910000 - 0x00007ff9629cd000 	C:\Windows\System32\KERNEL32.DLL
0x00007ff960770000 - 0x00007ff960a66000 	C:\Windows\System32\KERNELBASE.dll
0x00007ff9603b0000 - 0x00007ff9604b0000 	C:\Windows\System32\ucrtbase.dll
0x00007ff94a640000 - 0x00007ff94a659000 	C:\Program Files\Java\jdk-20\bin\jli.dll
0x00007ff9489d0000 - 0x00007ff9489eb000 	C:\Program Files\Java\jdk-20\bin\VCRUNTIME140.dll
0x00007ff960b80000 - 0x00007ff960c2e000 	C:\Windows\System32\ADVAPI32.dll
0x00007ff9612d0000 - 0x00007ff96136e000 	C:\Windows\System32\msvcrt.dll
0x00007ff9620a0000 - 0x00007ff96213c000 	C:\Windows\System32\sechost.dll
0x00007ff961370000 - 0x00007ff961496000 	C:\Windows\System32\RPCRT4.dll
0x00007ff962380000 - 0x00007ff96251e000 	C:\Windows\System32\USER32.dll
0x00007ff9600f0000 - 0x00007ff960112000 	C:\Windows\System32\win32u.dll
0x00007ff943c00000 - 0x00007ff943e9a000 	C:\Windows\WinSxS\amd64_microsoft.windows.common-controls_6595b64144ccf1df_6.0.19041.3570_none_60bb2a3971f3e41a\COMCTL32.dll
0x00007ff961760000 - 0x00007ff96178c000 	C:\Windows\System32\GDI32.dll
0x00007ff9601e0000 - 0x00007ff9602fa000 	C:\Windows\System32\gdi32full.dll
0x00007ff9606d0000 - 0x00007ff96076d000 	C:\Windows\System32\msvcp_win.dll
0x00007ff959c40000 - 0x00007ff959c4a000 	C:\Windows\SYSTEM32\VERSION.dll
0x00007ff961600000 - 0x00007ff961630000 	C:\Windows\System32\IMM32.DLL
0x00007ff957b30000 - 0x00007ff957b3c000 	C:\Program Files\Java\jdk-20\bin\vcruntime140_1.dll
0x00007ff93e6d0000 - 0x00007ff93e75e000 	C:\Program Files\Java\jdk-20\bin\msvcp140.dll
0x00007ff8fb580000 - 0x00007ff8fc218000 	C:\Program Files\Java\jdk-20\bin\server\jvm.dll
0x00007ff93f540000 - 0x00007ff93f549000 	C:\Windows\SYSTEM32\WSOCK32.dll
0x00007ff9621f0000 - 0x00007ff96225b000 	C:\Windows\System32\WS2_32.dll
0x00007ff946ff0000 - 0x00007ff947017000 	C:\Windows\SYSTEM32\WINMM.dll
0x00007ff95df70000 - 0x00007ff95df82000 	C:\Windows\SYSTEM32\kernel.appcore.dll
0x00007ff95b5c0000 - 0x00007ff95b5ca000 	C:\Program Files\Java\jdk-20\bin\jimage.dll
0x00007ff95d880000 - 0x00007ff95da64000 	C:\Windows\SYSTEM32\DBGHELP.DLL
0x00007ff94c5b0000 - 0x00007ff94c5e4000 	C:\Windows\SYSTEM32\dbgcore.DLL
0x00007ff960120000 - 0x00007ff9601a2000 	C:\Windows\System32\bcryptPrimitives.dll
0x00007ff9577d0000 - 0x00007ff9577f6000 	C:\Program Files\Java\jdk-20\bin\java.dll

dbghelp: loaded successfully - version: 4.0.5 - missing functions: none
symbol engine: initialized successfully - sym options: 0x614 - pdb path: .;C:\Program Files\Java\jdk-20\bin;C:\Windows\SYSTEM32;C:\Windows\WinSxS\amd64_microsoft.windows.common-controls_6595b64144ccf1df_6.0.19041.3570_none_60bb2a3971f3e41a;C:\Program Files\Java\jdk-20\bin\server

VM Arguments:
jvm_args: -Dfile.encoding=UTF-8 -XX:+ShowCodeDetailsInExceptionMessages 
java_command: guiWindow.MainFrame
java_class_path (initial): C:\Users\User\Desktop\GUI Project\gameOfLife\bin
Launcher Type: SUN_STANDARD

[Global flags]
     intx CICompilerCount                          = 4                                         {product} {ergonomic}
     uint ConcGCThreads                            = 3                                         {product} {ergonomic}
     uint G1ConcRefinementThreads                  = 10                                        {product} {ergonomic}
   size_t G1HeapRegionSize                         = 2097152                                   {product} {ergonomic}
    uintx GCDrainStackTargetSize                   = 64                                        {product} {ergonomic}
   size_t InitialHeapSize                          = 266338304                                 {product} {ergonomic}
   size_t MarkStackSize                            = 4194304                                   {product} {ergonomic}
   size_t MaxHeapSize                              = 4242538496                                {product} {ergonomic}
   size_t MinHeapDeltaBytes                        = 2097152                                   {product} {ergonomic}
   size_t MinHeapSize                              = 8388608                                   {product} {ergonomic}
    uintx NonNMethodCodeHeapSize                   = 5839372                                {pd product} {ergonomic}
    uintx NonProfiledCodeHeapSize                  = 122909434                              {pd product} {ergonomic}
    uintx ProfiledCodeHeapSize                     = 122909434                              {pd product} {ergonomic}
    uintx ReservedCodeCacheSize                    = 251658240                              {pd product} {ergonomic}
     bool SegmentedCodeCache                       = true                                      {product} {ergonomic}
     bool ShowCodeDetailsInExceptionMessages       = true                                   {manageable} {command line}
   size_t SoftMaxHeapSize                          = 4242538496                             {manageable} {ergonomic}
     bool UseCompressedClassPointers               = true                           {product lp64_product} {ergonomic}
     bool UseCompressedOops                        = true                           {product lp64_product} {ergonomic}
     bool UseG1GC                                  = true                                      {product} {ergonomic}
     bool UseLargePagesIndividualAllocation        = false                                  {pd product} {ergonomic}

Logging:
Log output configuration:
 #0: stdout all=warning uptime,level,tags foldmultilines=false
 #1: stderr all=off uptime,level,tags foldmultilines=false

Environment Variables:
PATH=C:/Progra~1/Java/jdk-20/bin/server;C:/Progra~1/Java/jdk-20/bin;C:\Program Files\Common Files\Oracle\Java\javapath;C:\Program Files (x86)\Common Files\Oracle\Java\javapath;C:\ProgramData\Oracle\Java\javapath;C:\Program Files (x86)\NVIDIA Corporation\PhysX\Common;C:\Windows\system32;C:\Windows;C:\Windows\System32\Wbem;C:\Windows\System32\WindowsPowerShell\v1.0\;C:\Windows\System32\OpenSSH\;C:\Program Files\Git\cmd;C:\Users\User\AppData\Local\Programs\Python\Python311\Scripts\;C:\Users\User\AppData\Local\Programs\Python\Python311\;C:\Users\User\AppData\Local\Microsoft\WindowsApps;C:\Users\User\AppData\Local\GitHubDesktop\bin;C:\Users\User\AppData\Local\Programs\Microsoft VS Code\bin;C:\Windows\system32;
USERNAME=User
OS=Windows_NT
PROCESSOR_IDENTIFIER=Intel64 Family 6 Model 165 Stepping 2, GenuineIntel
TMP=C:\Users\User\AppData\Local\Temp
TEMP=C:\Users\User\AppData\Local\Temp




---------------  S Y S T E M  ---------------

OS:
 Windows 10 , 64 bit Build 19041 (10.0.19041.3570)
OS uptime: 6 days 3:20 hours

CPU: total 12 (initial active 12) (6 cores per cpu, 2 threads per core) family 6 model 165 stepping 2 microcode 0xf8, cx8, cmov, fxsr, ht, mmx, 3dnowpref, sse, sse2, sse3, ssse3, sse4.1, sse4.2, popcnt, lzcnt, tsc, tscinvbit, avx, avx2, aes, erms, clmul, bmi1, bmi2, adx, fma, vzeroupper, clflush, clflushopt, rdtscp, f16c, pku

Memory: 4k page, system-wide physical 16177M (4729M free)
TotalPageFile size 31177M (AvailPageFile size 114M)
current process WorkingSet (physical memory assigned to process): 10M, peak: 10M
current process commit charge ("private bytes"): 64M, peak: 318M

vm_info: Java HotSpot(TM) 64-Bit Server VM (20.0.2+9-78) for windows-amd64 JRE (20.0.2+9-78), built on 2023-06-14T10:08:48Z by "mach5one" with MS VC++ 17.1 (VS2022)

END.
